[debug] [2025-09-30T17:41:44.352Z] ----------------------------------------------------------------------
[debug] [2025-09-30T17:41:44.357Z] Command:       C:\Program Files\nodejs\node.exe C:\Users\Teboho\AppData\Roaming\npm\node_modules\firebase-tools\lib\bin\firebase.js init
[debug] [2025-09-30T17:41:44.358Z] CLI Version:   14.17.0
[debug] [2025-09-30T17:41:44.358Z] Platform:      win32
[debug] [2025-09-30T17:41:44.358Z] Node Version:  v22.17.1
[debug] [2025-09-30T17:41:44.359Z] Time:          Tue Sep 30 2025 19:41:44 GMT+0200 (South Africa Standard Time)
[debug] [2025-09-30T17:41:44.359Z] ----------------------------------------------------------------------
[debug] 
[debug] [2025-09-30T17:41:44.370Z] > command requires scopes: ["email","openid","https://www.googleapis.com/auth/cloudplatformprojects.readonly","https://www.googleapis.com/auth/firebase","https://www.googleapis.com/auth/cloud-platform"]
[debug] [2025-09-30T17:41:44.371Z] > authorizing via signed-in user (moloiteboho.tem@gmail.com)
[info] 
     ######## #### ########  ######## ########     ###     ######  ########
     ##        ##  ##     ## ##       ##     ##  ##   ##  ##       ##
     ######    ##  ########  ######   ########  #########  ######  ######
     ##        ##  ##    ##  ##       ##     ## ##     ##       ## ##
     ##       #### ##     ## ######## ########  ##     ##  ######  ########

You're about to initialize a Firebase project in this directory:

  C:\Users\Teboho\Documents\Projects\Mshasha

[info] 
=== Project Setup
[info] 
[info] First, let's associate this project directory with a Firebase project.
[info] You can create multiple project aliases by running firebase use --add, 
[info] but for now we'll just set up a default project.
[info] 
[debug] [2025-09-30T17:42:14.779Z] Checked if tokens are valid: true, expires at: 1759257688593
[debug] [2025-09-30T17:42:14.779Z] Checked if tokens are valid: true, expires at: 1759257688593
[debug] [2025-09-30T17:42:14.781Z] >>> [apiv2][query] GET https://firebase.googleapis.com/v1beta1/projects pageSize=100
[debug] [2025-09-30T17:42:16.112Z] <<< [apiv2][status] GET https://firebase.googleapis.com/v1beta1/projects 200
[debug] [2025-09-30T17:42:16.112Z] <<< [apiv2][body] GET https://firebase.googleapis.com/v1beta1/projects [omitted]
[info] i  Using project mshashazwinepe-8489d (MshashaZwinepe) 
[info] 
=== Functions Setup
[debug] [2025-09-30T17:42:20.224Z] > command requires scopes: ["email","openid","https://www.googleapis.com/auth/cloudplatformprojects.readonly","https://www.googleapis.com/auth/firebase","https://www.googleapis.com/auth/cloud-platform"]
[debug] [2025-09-30T17:42:20.225Z] > authorizing via signed-in user (moloiteboho.tem@gmail.com)
[debug] [2025-09-30T17:42:20.225Z] [iam] checking project mshashazwinepe-8489d for permissions ["firebase.projects.get"]
[debug] [2025-09-30T17:42:20.226Z] Checked if tokens are valid: true, expires at: 1759257688593
[debug] [2025-09-30T17:42:20.226Z] Checked if tokens are valid: true, expires at: 1759257688593
[debug] [2025-09-30T17:42:20.226Z] >>> [apiv2][query] POST https://cloudresourcemanager.googleapis.com/v1/projects/mshashazwinepe-8489d:testIamPermissions [none]
[debug] [2025-09-30T17:42:20.226Z] >>> [apiv2][(partial)header] POST https://cloudresourcemanager.googleapis.com/v1/projects/mshashazwinepe-8489d:testIamPermissions x-goog-quota-user=projects/mshashazwinepe-8489d
[debug] [2025-09-30T17:42:20.226Z] >>> [apiv2][body] POST https://cloudresourcemanager.googleapis.com/v1/projects/mshashazwinepe-8489d:testIamPermissions {"permissions":["firebase.projects.get"]}
[debug] [2025-09-30T17:42:22.422Z] <<< [apiv2][status] POST https://cloudresourcemanager.googleapis.com/v1/projects/mshashazwinepe-8489d:testIamPermissions 200
[debug] [2025-09-30T17:42:22.423Z] <<< [apiv2][body] POST https://cloudresourcemanager.googleapis.com/v1/projects/mshashazwinepe-8489d:testIamPermissions {"permissions":["firebase.projects.get"]}
[debug] [2025-09-30T17:42:22.424Z] Checked if tokens are valid: true, expires at: 1759257688593
[debug] [2025-09-30T17:42:22.424Z] Checked if tokens are valid: true, expires at: 1759257688593
[debug] [2025-09-30T17:42:22.425Z] Checked if tokens are valid: true, expires at: 1759257688593
[debug] [2025-09-30T17:42:22.425Z] Checked if tokens are valid: true, expires at: 1759257688593
[debug] [2025-09-30T17:42:22.426Z] >>> [apiv2][query] GET https://serviceusage.googleapis.com/v1/projects/mshashazwinepe-8489d/services/cloudfunctions.googleapis.com [none]
[debug] [2025-09-30T17:42:22.426Z] >>> [apiv2][(partial)header] GET https://serviceusage.googleapis.com/v1/projects/mshashazwinepe-8489d/services/cloudfunctions.googleapis.com x-goog-quota-user=projects/mshashazwinepe-8489d
[debug] [2025-09-30T17:42:22.428Z] >>> [apiv2][query] GET https://serviceusage.googleapis.com/v1/projects/mshashazwinepe-8489d/services/runtimeconfig.googleapis.com [none]
[debug] [2025-09-30T17:42:22.428Z] >>> [apiv2][(partial)header] GET https://serviceusage.googleapis.com/v1/projects/mshashazwinepe-8489d/services/runtimeconfig.googleapis.com x-goog-quota-user=projects/mshashazwinepe-8489d
[debug] [2025-09-30T17:42:25.213Z] <<< [apiv2][status] GET https://serviceusage.googleapis.com/v1/projects/mshashazwinepe-8489d/services/runtimeconfig.googleapis.com 200
[debug] [2025-09-30T17:42:25.214Z] <<< [apiv2][body] GET https://serviceusage.googleapis.com/v1/projects/mshashazwinepe-8489d/services/runtimeconfig.googleapis.com [omitted]
[debug] [2025-09-30T17:42:25.243Z] <<< [apiv2][status] GET https://serviceusage.googleapis.com/v1/projects/mshashazwinepe-8489d/services/cloudfunctions.googleapis.com 200
[debug] [2025-09-30T17:42:25.243Z] <<< [apiv2][body] GET https://serviceusage.googleapis.com/v1/projects/mshashazwinepe-8489d/services/cloudfunctions.googleapis.com [omitted]
[info] Let's create a new codebase for your functions.
[info] A directory corresponding to the codebase will be created in your project
[info] with sample code pre-configured.

[info] See https://firebase.google.com/docs/functions/organize-functions for
[info] more information on organizing your functions using codebases.

[info] Functions can be deployed with firebase deploy.

[debug] [2025-09-30T17:42:34.487Z] ExitPromptError: User force closed the prompt with SIGINT
    at Interface.sigint (C:\Users\Teboho\AppData\Roaming\npm\node_modules\firebase-tools\node_modules\@inquirer\core\dist\commonjs\lib\create-prompt.js:101:37)
    at Interface.emit (node:events:518:28)
    at Interface.emit (node:domain:489:12)
    at [_ttyWrite] [as _ttyWrite] (node:internal/readline/interface:1132:18)
    at ReadStream.onkeypress (node:internal/readline/interface:271:20)
    at ReadStream.emit (node:events:530:35)
    at ReadStream.emit (node:domain:489:12)
    at emitKeys (node:internal/readline/utils:370:14)
    at emitKeys.next (<anonymous>)
    at ReadStream.onData (node:internal/readline/emitKeypressEvents:64:36)
[error] 
[error] Error: An unexpected error has occurred.
